2021-03-31 15:45:00.490 - info: Start crawling bookies...
2021-03-31 15:45:00.488 - info: Dev start...
2021-03-31 15:45:01.228 - verbose: [
  {
    id: 1,
    name: 'Interwetten',
    is_active: 1,
    is_bookie: 1,
    is_exchange: 0,
    is_broker: null,
    is_sharp: null,
    is_soft: null,
    is_global: null,
    is_local: 0,
    local_country_id: 0,
    allowed_in_se: null,
    provider_id: '1',
    provider_webName: 'Interwetten',
    provider_webUrl: 'interwetten',
    provider_active: 'y',
    provider_isNew: false,
    provider_newTo: '0',
    provider_preferredCountryID: '0'
  },
  {
    id: 2,
    name: 'bwin',
    is_active: 1,
    is_bookie: 1,
    is_exchange: 0,
    is_broker: null,
    is_sharp: null,
    is_soft: null,
    is_global: null,
    is_local: 0,
    local_country_id: 0,
    allowed_in_se: null,
    provider_id: '2',
    provider_webName: 'bwin',
    provider_webUrl: 'bwin',
    provider_active: 'y',
    provider_isNew: false,
    provider_newTo: '0',
    provider_preferredCountryID: '0'
  },
  {
    id: 3,
    name: 'bet-at-home',
    is_active: 1,
    is_bookie: 1,
    is_exchange: 0,
    is_broker: null,
    is_sharp: null,
    is_soft: null,
    is_global: null,
    is_local: 0,
    local_country_id: 0,
    allowed_in_se: null,
    provider_id: '3',
    provider_webName: 'bet-at-home',
    provider_webUrl: 'bet-at-home',
    provider_active: 'y',
    provider_isNew: false,
    provider_newTo: '0',
    provider_preferredCountryID: '0'
  },
  {
    id: 4,
    name: 'Centrebet',
    is_active: 0,
    is_bookie: 1,
    is_exchange: 0,
    is_broker: null,
    is_sharp: null,
    is_soft: null,
    is_global: null,
    is_local: 0,
    local_country_id: 0,
    allowed_in_se: null,
    provider_id: '4',
    provider_webName: 'Centrebet',
    provider_webUrl: 'centrebet',
    provider_active: 'n',
    provider_isNew: false,
    provider_newTo: '0',
    provider_preferredCountryID: '0'
  },
  {
    id: 5,
    name: 'Unibet',
    is_active: 1,
    is_bookie: 1,
    is_exchange: 0,
    is_broker: null,
    is_sharp: null,
    is_soft: null,
    is_global: null,
    is_local: 0,
    local_country_id: 0,
    allowed_in_se: null,
    provider_id: '5',
    provider_webName: 'Unibet',
    provider_webUrl: 'unibet',
    provider_active: 'y',
    provider_isNew: false,
    provider_newTo: '0',
    provider_preferredCountryID: '0'
  },
  {
    id: 7,
    name: 'Betsson exch.',
    is_active: 0,
    is_bookie: 0,
    is_exchange: 1,
    is_broker: null,
    is_sharp: null,
    is_soft: null,
    is_global: null,
    is_local: 0,
    local_country_id: 0,
    allowed_in_se: null,
    provider_id: '7',
    provider_webName: 'Betsson exch.',
    provider_webUrl: 'betsson-exch',
    provider_active: 'n',
    provider_isNew: false,
    provider_newTo: '0',
    provider_preferredCountryID: '0'
  },
  {
    id: 8,
    name: 'Stan James',
    is_active: 0,
    is_bookie: 1,
    is_exchange: 0,
    is_broker: null,
    is_sharp: null,
    is_soft: null,
    is_global: null,
    is_local: 0,
    local_country_id: 0,
    allowed_in_se: null,
    provider_id: '8',
    provider_webName: 'Stan James',
    provider_webUrl: 'stan-james',
    provider_active: 'n',
    provider_isNew: false,
    provider_newTo: '0',
    provider_preferredCountryID: '0'
  },
  {
    id: 9,
    name: 'Expekt',
    is_active: 1,
    is_bookie: 1,
    is_exchange: 0,
    is_broker: null,
    is_sharp: null,
    is_soft: null,
    is_global: null,
    is_local: 0,
    local_country_id: 0,
    allowed_in_se: null,
    provider_id: '9',
    provider_webName: 'Expekt',
    provider_webUrl: 'expekt',
    provider_active: 'y',
    provider_isNew: false,
    provider_newTo: '0',
    provider_preferredCountryID: '0'
  },
  {
    id: 10,
    name: 'PartyBets',
    is_active: 0,
    is_bookie: 1,
    is_exchange: 0,
    is_broker: null,
    is_sharp: null,
    is_soft: null,
    is_global: null,
    is_local: 0,
    local_country_id: 0,
    allowed_in_se: null,
    provider_id: '10',
    provider_webName: 'PartyBets',
    provider_webUrl: 'partybets',
    provider_active: 'n',
    provider_isNew: false,
    provider_newTo: '0',
    provider_preferredCountryID: '0'
  },
  {
    id: 11,
    name: 'Gamebookers',
    is_active: 0,
    is_bookie: 1,
    is_exchange: 0,
    is_broker: null,
    is_sharp: null,
    is_soft: null,
    is_global: null,
    is_local: 0,
    local_country_id: 0,
    allowed_in_se: null,
    provider_id: '11',
    provider_webName: 'Gamebookers',
    provider_webUrl: 'gamebookers',
    provider_active: 'n',
    provider_isNew: false,
    provider_newTo: '0',
    provider_preferredCountryID: '0'
  },
  {
    id: 12,
    name: 'Canbet',
    is_active: 0,
    is_bookie: 1,
    is_exchange: 0,
    is_broker: null,
    is_sharp: null,
    is_soft: null,
    is_global: null,
    is_local: 0,
    local_country_id: 0,
    allowed_in_se: null,
    provider_id: '12',
    provider_webName: 'Canbet',
    provider_webUrl: 'canbet',
    provider_active: 'n',
    provider_isNew: false,
    provider_newTo: '0',
    provider_preferredCountryID: '0'
  },
  {
    id: 14,
    name: '10Bet',
    is_active: 1,
    is_bookie: 1,
    is_exchange: 0,
    is_broker: null,
    is_sharp: null,
    is_soft: null,
    is_global: null,
    is_local: 0,
    local_country_id: 0,
    allowed_in_se: null,
    provider_id: '14',
    provider_webName: '10Bet',
    provider_webUrl: '10bet',
    provider_active: 'y',
    provider_isNew: false,
    provider_newTo: '0',
    provider_preferredCountryID: '0'
  },
  {
    id: 15,
    name: 'William Hill',
    is_active: 1,
    is_bookie: 1,
    is_exchange: 0,
    is_broker: null,
    is_sharp: null,
    is_soft: null,
    is_global: null,
    is_local: 0,
    local_country_id: 0,
    allowed_in_se: null,
    provider_id: '15',
    provider_webName: 'William Hill',
    provider_webUrl: 'william-hill',
    provider_active: 'y',
    provider_isNew: false,
    provider_newTo: '0',
    provider_preferredCountryID: '0'
  },
  {
    id: 16,
    name: 'bet365',
    is_active: 1,
    is_bookie: 1,
    is_exchange: 0,
    is_broker: null,
    is_sharp: null,
    is_soft: null,
    is_global: null,
    is_local: 0,
    local_country_id: 0,
    allowed_in_se: null,
    provider_id: '16',
    provider_webName: 'bet365',
    provider_webUrl: 'bet365',
    provider_active: 'y',
    provider_isNew: false,
    provider_newTo: '0',
    provider_preferredCountryID: '0'
  },
  {
    id: 17,
    name: 'Blue Square',
    is_active: 0,
    is_bookie: 1,
    is_exchange: 0,
    is_broker: null,
    is_sharp: null,
    is_soft: null,
    is_global: null,
    is_local: 0,
    local_country_id: 0,
    allowed_in_se: null,
    provider_id: '17',
    provider_webName: 'Blue Square',
    provider_webUrl: 'blue-square',
    provider_active: 'n',
    provider_isNew: false,
    provider_newTo: '0',
    provider_preferredCountryID: '0'
  },
  {
    id: 18,
    name: 'Pinnacle',
    is_active: 1,
    is_bookie: 1,
    is_exchange: 0,
    is_broker: null,
    is_sharp: null,
    is_soft: null,
    is_global: null,
    is_local: 0,
    local_country_id: 0,
    allowed_in_se: null,
    provider_id: '18',
    provider_webName: 'Pinnacle',
    provider_webUrl: 'pinnacle',
    provider_active: 'y',
    provider_isNew: false,
    provider_newTo: '0',
    provider_preferredCountryID: '0'
  },
  {
    id: 19,
    name: 'Sports Interaction',
    is_active: 0,
    is_bookie: 1,
    is_exchange: 0,
    is_broker: null,
    is_sharp: null,
    is_soft: null,
    is_global: null,
    is_local: 0,
    local_country_id: 0,
    allowed_in_se: null,
    provider_id: '19',
    provider_webName: 'Sports Interaction',
    provider_webUrl: 'sports-interaction',
    provider_active: 'n',
    provider_isNew: false,
    provider_newTo: '0',
    provider_preferredCountryID: '0'
  },
  {
    id: 20,
    name: '5Dimes',
    is_active: 0,
    is_bookie: 1,
    is_exchange: 0,
    is_broker: null,
    is_sharp: null,
    is_soft: null,
    is_global: null,
    is_local: 0,
    local_country_id: 0,
    allowed_in_se: null,
    provider_id: '20',
    provider_webName: '5Dimes',
    provider_webUrl: '5dimes',
    provider_active: 'n',
    provider_isNew: false,
    provider_newTo: '0',
    provider_preferredCountryID: '0'
  },
  {
    id: 21,
    name: 'Betfred',
    is_active: 1,
    is_bookie: 1,
    is_exchange: 0,
    is_broker: null,
    is_sharp: null,
    is_soft: null,
    is_global: null,
    is_local: 0,
    local_country_id: 0,
    allowed_in_se: null,
    provider_id: '21',
    provider_webName: 'Betfred',
    provider_webUrl: 'betfred',
    provider_active: 'y',
    provider_isNew: false,
    provider_newTo: '0',
    provider_preferredCountryID: '0'
  },
  {
    id: 23,
    name: 'DOXXbet',
    is_active: 0,
    is_bookie: 1,
    is_exchange: 0,
    is_broker: null,
    is_sharp: null,
    is_soft: null,
    is_global: null,
    is_local: 0,
    local_country_id: 0,
    allowed_in_se: null,
    provider_id: '23',
    provider_webName: 'DOXXbet',
    provider_webUrl: 'doxxbet',
    provider_active: 'n',
    provider_isNew: false,
    provider_newTo: '0',
    provider_preferredCountryID: '0'
  },
  {
    id: 24,
    name: 'Betsafe',
    is_active: 1,
    is_bookie: 1,
    is_exchange: 0,
    is_broker: null,
    is_sharp: null,
    is_soft: null,
    is_global: null,
    is_local: 0,
    local_country_id: 0,
    allowed_in_se: null,
    provider_id: '24',
    provider_webName: 'Betsafe',
    provider_webUrl: 'betsafe',
    provider_active: 'y',
    provider_isNew: false,
    provider_newTo: '0',
    provider_preferredCountryID: '0'
  },
  {
    id: 26,
    name: 'Betway',
    is_active: 1,
    is_bookie: 1,
    is_exchange: 0,
    is_broker: null,
    is_sharp: null,
    is_soft: null,
    is_global: null,
    is_local: 0,
    local_country_id: 0,
    allowed_in_se: null,
    provider_id: '26',
    provider_webName: 'Betway',
    provider_webUrl: 'betway',
    provider_active: 'y',
    provider_isNew: false,
    provider_newTo: '0',
    provider_preferredCountryID: '0'
  },
  {
    id: 27,
    name: '888sport',
    is_active: 1,
    is_bookie: 1,
    is_exchange: 0,
    is_broker: null,
    is_sharp: null,
    is_soft: null,
    is_global: null,
    is_local: 0,
    local_country_id: 0,
    allowed_in_se: null,
    provider_id: '27',
    provider_webName: '888sport',
    provider_webUrl: '888sport',
    provider_active: 'y',
    provider_isNew: false,
    provider_newTo: '0',
    provider_preferredCountryID: '0'
  },
  {
    id: 28,
    name: 'Ladbrokes',
    is_active: 0,
    is_bookie: 1,
    is_exchange: 0,
    is_broker: null,
    is_sharp: null,
    is_soft: null,
    is_global: null,
    is_local: 0,
    local_country_id: 0,
    allowed_in_se: null,
    provider_id: '28',
    provider_webName: 'Ladbrokes',
    provider_webUrl: 'ladbrokes',
    provider_active: 'n',
    provider_isNew: false,
    provider_newTo: '0',
    provider_preferredCountryID: '0'
  },
  {
    id: 29,
    name: 'Sunmaker',
    is_active: 0,
    is_bookie: 1,
    is_exchange: 0,
    is_broker: null,
    is_sharp: null,
    is_soft: null,
    is_global: null,
    is_local: 0,
    local_country_id: 0,
    allowed_in_se: null,
    provider_id: '29',
    provider_webName: 'Sunmaker',
    provider_webUrl: 'sunmaker',
    provider_active: 'n',
    provider_isNew: false,
    provider_newTo: '0',
    provider_preferredCountryID: '0'
  },
  {
    id: 30,
    name: 'BoyleSports',
    is_active: 1,
    is_bookie: 1,
    is_exchange: 0,
    is_broker: null,
    is_sharp: null,
    is_soft: null,
    is_global: null,
    is_local: 0,
    local_country_id: 0,
    allowed_in_se: null,
    provider_id: '30',
    provider_webName: 'BoyleSports',
    provider_webUrl: 'boylesports',
    provider_active: 'y',
    provider_isNew: false,
    provider_newTo: '0',
    provider_preferredCountryID: '0'
  },
  {
    id: 31,
    name: 'Intertops',
    is_active: 1,
    is_bookie: 1,
    is_exchange: 0,
    is_broker: null,
    is_sharp: null,
    is_soft: null,
    is_global: null,
    is_local: 0,
    local_country_id: 0,
    allowed_in_se: null,
    provider_id: '31',
    provider_webName: 'Intertops',
    provider_webUrl: 'intertops',
    provider_active: 'y',
    provider_isNew: false,
    provider_newTo: '0',
    provider_preferredCountryID: '0'
  },
  {
    id: 32,
    name: 'Betclic',
    is_active: 0,
    is_bookie: 1,
    is_exchange: 0,
    is_broker: null,
    is_sharp: null,
    is_soft: null,
    is_global: null,
    is_local: 0,
    local_country_id: 0,
    allowed_in_se: null,
    provider_id: '32',
    provider_webName: 'Betclic',
    provider_webUrl: 'betclic',
    provider_active: 'n',
    provider_isNew: false,
    provider_newTo: '0',
    provider_preferredCountryID: '0'
  },
  {
    id: 33,
    name: 'NordicBet',
    is_active: 1,
    is_bookie: 1,
    is_exchange: 0,
    is_broker: null,
    is_sharp: null,
    is_soft: null,
    is_global: null,
    is_local: 0,
    local_country_id: 0,
    allowed_in_se: null,
    provider_id: '33',
    provider_webName: 'NordicBet',
    provider_webUrl: 'nordicbet',
    provider_active: 'y',
    provider_isNew: false,
    provider_newTo: '0',
    provider_preferredCountryID: '0'
  },
  {
    id: 34,
    name: 'Bodog',
    is_active: 0,
    is_bookie: 1,
    is_exchange: 0,
    is_broker: null,
    is_sharp: null,
    is_soft: null,
    is_global: null,
    is_local: 1,
    local_country_id: 47,
    allowed_in_se: null,
    provider_id: '34',
    provider_webName: 'Bodog',
    provider_webUrl: 'bodog',
    provider_active: 'n',
    provider_isNew: false,
    provider_newTo: '0',
    provider_preferredCountryID: '47'
  },
  {
    id: 35,
    name: 'Eurobet',
    is_active: 0,
    is_bookie: 1,
    is_exchange: 0,
    is_broker: null,
    is_sharp: null,
    is_soft: null,
    is_global: null,
    is_local: 1,
    local_country_id: 98,
    allowed_in_se: null,
    provider_id: '35',
    provider_webName: 'Eurobet',
    provider_webUrl: 'eurobet',
    provider_active: 'n',
    provider_isNew: false,
    provider_newTo: '0',
    provider_preferredCountryID: '98'
  },
  {
    id: 38,
    name: 'Sportingbet',
    is_active: 0,
    is_bookie: 1,
    is_exchange: 0,
    is_broker: null,
    is_sharp: null,
    is_soft: null,
    is_global: null,
    is_local: 0,
    local_country_id: 0,
    allowed_in_se: null,
    provider_id: '38',
    provider_webName: 'Sportingbet',
    provider_webUrl: 'sportingbet',
    provider_active: 'n',
    provider_isNew: false,
    provider_newTo: '0',
    provider_preferredCountryID: '0'
  },
  {
    id: 39,
    name: 'Betdaq',
    is_active: 0,
    is_bookie: 0,
    is_exchange: 1,
    is_broker: null,
    is_sharp: null,
    is_soft: null,
    is_global: null,
    is_local: 0,
    local_country_id: 0,
    allowed_in_se: null,
    provider_id: '39',
    provider_webName: 'Betdaq',
    provider_webUrl: 'betdaq',
    provider_active: 'n',
    provider_isNew: false,
    provider_newTo: '0',
    provider_preferredCountryID: '0'
  },
  {
    id: 40,
    name: 'Sportbet',
    is_active: 0,
    is_bookie: 1,
    is_exchange: 0,
    is_broker: null,
    is_sharp: null,
    is_soft: null,
    is_global: null,
    is_local: 0,
    local_country_id: 0,
    allowed_in_se: null,
    provider_id: '40',
    provider_webName: 'Sportbet',
    provider_webUrl: 'sportbet',
    provider_active: 'n',
    provider_isNew: false,
    provider_newTo: '0',
    provider_preferredCountryID: '0'
  },
  {
    id: 41,
    name: 'mybet',
    is_active: 0,
    is_bookie: 1,
    is_exchange: 0,
    is_broker: null,
    is_sharp: null,
    is_soft: null,
    is_global: null,
    is_local: 0,
    local_country_id: 0,
    allowed_in_se: null,
    provider_id: '41',
    provider_webName: 'mybet',
    provider_webUrl: 'mybet',
    provider_active: 'n',
    provider_isNew: false,
    provider_newTo: '0',
    provider_preferredCountryID: '0'
  },
  {
    id: 43,
    name: 'Betsson',
    is_active: 1,
    is_bookie: 1,
    is_exchange: 0,
    is_broker: null,
    is_sharp: null,
    is_soft: null,
    is_global: null,
    is_local: 0,
    local_country_id: 0,
    allowed_in_se: null,
    provider_id: '43',
    provider_webName: 'Betsson',
    provider_webUrl: 'betsson',
    provider_active: 'y',
    provider_isNew: false,
    provider_newTo: '0',
    provider_preferredCountryID: '0'
  },
  {
    id: 44,
    name: 'Betfair Exchange',
    is_active: 1,
    is_bookie: 0,
    is_exchange: 1,
    is_broker: null,
    is_sharp: null,
    is_soft: null,
    is_global: null,
    is_local: 0,
    local_country_id: 0,
    allowed_in_se: null,
    provider_id: '44',
    provider_webName: 'Betfair Exchange',
    provider_webUrl: 'betfair-exchange',
    provider_active: 'y',
    provider_isNew: false,
    provider_newTo: '0',
    provider_preferredCountryID: '0'
  },
  {
    id: 45,
    name: 'Chance.cz',
    is_active: 1,
    is_bookie: 1,
    is_exchange: 0,
    is_broker: null,
    is_sharp: null,
    is_soft: null,
    is_global: null,
    is_local: 1,
    local_country_id: 62,
    allowed_in_se: null,
    provider_id: '45',
    provider_webName: 'Chance.cz',
    provider_webUrl: 'chance-cz',
    provider_active: 'y',
    provider_isNew: false,
    provider_newTo: '0',
    provider_preferredCountryID: '62'
  },
  {
    id: 46,
    name: 'iFortuna.cz',
    is_active: 1,
    is_bookie: 1,
    is_exchange: 0,
    is_broker: null,
    is_sharp: null,
    is_soft: null,
    is_global: null,
    is_local: 1,
    local_country_id: 62,
    allowed_in_se: null,
    provider_id: '46',
    provider_webName: 'iFortuna.cz',
    provider_webUrl: 'ifortuna-cz',
    provider_active: 'y',
    provider_isNew: false,
    provider_newTo: '1340025478',
    provider_preferredCountryID: '62'
  },
  {
    id: 47,
    name: 'MAXITIP.cz',
    is_active: 0,
    is_bookie: 1,
    is_exchange: 0,
    is_broker: null,
    is_sharp: null,
    is_soft: null,
    is_global: null,
    is_local: 1,
    local_country_id: 62,
    allowed_in_se: null,
    provider_id: '47',
    provider_webName: 'MAXITIP.cz',
    provider_webUrl: 'maxitip-cz',
    provider_active: 'n',
    provider_isNew: false,
    provider_newTo: '0',
    provider_preferredCountryID: '62'
  },
  {
    id: 49,
    name: 'Tipsport.cz',
    is_active: 1,
    is_bookie: 1,
    is_exchange: 0,
    is_broker: null,
    is_sharp: null,
    is_soft: null,
    is_global: null,
    is_local: 1,
    local_country_id: 62,
    allowed_in_se: null,
    provider_id: '49',
    provider_webName: 'Tipsport.cz',
    provider_webUrl: 'tipsport-cz',
    provider_active: 'y',
    provider_isNew: false,
    provider_newTo: '0',
    provider_preferredCountryID: '62'
  },
  {
    id: 53,
    name: 'bwin.it',
    is_active: 1,
    is_bookie: 1,
    is_exchange: 0,
    is_broker: null,
    is_sharp: null,
    is_soft: null,
    is_global: null,
    is_local: 1,
    local_country_id: 98,
    allowed_in_se: null,
    provider_id: '53',
    provider_webName: 'bwin.it',
    provider_webUrl: 'bwin-it',
    provider_active: 'y',
    provider_isNew: false,
    provider_newTo: '0',
    provider_preferredCountryID: '98'
  },
  {
    id: 54,
    name: 'Bet24',
    is_active: 0,
    is_bookie: 1,
    is_exchange: 0,
    is_broker: null,
    is_sharp: null,
    is_soft: null,
    is_global: null,
    is_local: 0,
    local_country_id: 0,
    allowed_in_se: null,
    provider_id: '54',
    provider_webName: 'Bet24',
    provider_webUrl: 'bet24',
    provider_active: 'n',
    provider_isNew: false,
    provider_newTo: '0',
    provider_preferredCountryID: '0'
  },
  {
    id: 55,
    name: 'Noxwin',
    is_active: 0,
    is_bookie: 1,
    is_exchange: 0,
    is_broker: null,
    is_sharp: null,
    is_soft: null,
    is_global: null,
    is_local: 0,
    local_country_id: 0,
    allowed_in_se: null,
    provider_id: '55',
    provider_webName: 'Noxwin',
    provider_webUrl: 'noxwin',
    provider_active: 'n',
    provider_isNew: false,
    provider_newTo: '0',
    provider_preferredCountryID: '0'
  },
  {
    id: 56,
    name: '188BET',
    is_active: 1,
    is_bookie: 1,
    is_exchange: 0,
    is_broker: null,
    is_sharp: null,
    is_soft: null,
    is_global: null,
    is_local: 0,
    local_country_id: 0,
    allowed_in_se: null,
    provider_id: '56',
    provider_webName: '188BET',
    provider_webUrl: '188bet',
    provider_active: 'y',
    provider_isNew: false,
    provider_newTo: '0',
    provider_preferredCountryID: '0'
  },
  {
    id: 57,
    name: 'Jetbull',
    is_active: 0,
    is_bookie: 1,
    is_exchange: 0,
    is_broker: null,
    is_sharp: null,
    is_soft: null,
    is_global: null,
    is_local: 0,
    local_country_id: 0,
    allowed_in_se: null,
    provider_id: '57',
    provider_webName: 'Jetbull',
    provider_webUrl: 'jetbull',
    provider_active: 'n',
    provider_isNew: false,
    provider_newTo: '0',
    provider_preferredCountryID: '0'
  },
  {
    id: 59,
    name: 'BetUS',
    is_active: 0,
    is_bookie: 1,
    is_exchange: 0,
    is_broker: null,
    is_sharp: null,
    is_soft: null,
    is_global: null,
    is_local: 0,
    local_country_id: 0,
    allowed_in_se: null,
    provider_id: '59',
    provider_webName: 'BetUS',
    provider_webUrl: 'betus',
    provider_active: 'n',
    provider_isNew: false,
    provider_newTo: '0',
    provider_preferredCountryID: '0'
  },
  {
    id: 60,
    name: 'Paddy Power',
    is_active: 0,
    is_bookie: 1,
    is_exchange: 0,
    is_broker: null,
    is_sharp: null,
    is_soft: null,
    is_global: null,
    is_local: 0,
    local_country_id: 0,
    allowed_in_se: null,
    provider_id: '60',
    provider_webName: 'Paddy Power',
    provider_webUrl: 'paddy-power',
    provider_active: 'n',
    provider_isNew: false,
    provider_newTo: '0',
    provider_preferredCountryID: '0'
  },
  {
    id: 64,
    name: 'Sports Alive',
    is_active: 0,
    is_bookie: 1,
    is_exchange: 0,
    is_broker: null,
    is_sharp: null,
    is_soft: null,
    is_global: null,
    is_local: 0,
    local_country_id: 0,
    allowed_in_se: null,
    provider_id: '64',
    provider_webName: 'Sports Alive',
    provider_webUrl: 'sports-alive',
    provider_active: 'n',
    provider_isNew: false,
    provider_newTo: '0',
    provider_preferredCountryID: '0'
  },
  {
    id: 67,
    name: 'Internet1x2',
    is_active: 0,
    is_bookie: 1,
    is_exchange: 0,
    is_broker: null,
    is_sharp: null,
    is_soft: null,
    is_global: null,
    is_local: 0,
    local_country_id: 0,
    allowed_in_se: null,
    provider_id: '67',
    provider_webName: 'Internet1x2',
    provider_webUrl: 'internet1x2',
    provider_active: 'n',
    provider_isNew: false,
    provider_newTo: '0',
    provider_preferredCountryID: '0'
  },
  {
    id: 68,
    name: 'BetCRIS',
    is_active: 0,
    is_bookie: 1,
    is_exchange: 0,
    is_broker: null,
    is_sharp: null,
    is_soft: null,
    is_global: null,
    is_local: 0,
    local_country_id: 0,
    allowed_in_se: null,
    provider_id: '68',
    provider_webName: 'BetCRIS',
    provider_webUrl: 'betcris',
    provider_active: 'n',
    provider_isNew: false,
    provider_newTo: '0',
    provider_preferredCountryID: '0'
  },
  {
    id: 69,
    name: 'Bookmaker',
    is_active: 0,
    is_bookie: 1,
    is_exchange: 0,
    is_broker: null,
    is_sharp: null,
    is_soft: null,
    is_global: null,
    is_local: 0,
    local_country_id: 0,
    allowed_in_se: null,
    provider_id: '69',
    provider_webName: 'Bookmaker',
    provider_webUrl: 'bookmaker',
    provider_active: 'n',
    provider_isNew: false,
    provider_newTo: '0',
    provider_preferredCountryID: '0'
  },
  {
    id: 70,
    name: 'Tipico',
    is_active: 0,
    is_bookie: 1,
    is_exchange: 0,
    is_broker: null,
    is_sharp: null,
    is_soft: null,
    is_global: null,
    is_local: 0,
    local_country_id: 0,
    allowed_in_se: null,
    provider_id: '70',
    provider_webName: 'Tipico',
    provider_webUrl: 'tipico',
    provider_active: 'n',
    provider_isNew: false,
    provider_newTo: '0',
    provider_preferredCountryID: '0'
  },
  {
    id: 71,
    name: 'Coral',
    is_active: 0,
    is_bookie: 1,
    is_exchange: 0,
    is_broker: null,
    is_sharp: null,
    is_soft: null,
    is_global: null,
    is_local: 0,
    local_country_id: 0,
    allowed_in_se: null,
    provider_id: '71',
    provider_webName: 'Coral',
    provider_webUrl: 'coral',
    provider_active: 'n',
    provider_isNew: false,
    provider_newTo: '0',
    provider_preferredCountryID: '0'
  },
  {
    id: 72,
    name: 'bets4all',
    is_active: 0,
    is_bookie: 1,
    is_exchange: 0,
    is_broker: null,
    is_sharp: null,
    is_soft: null,
    is_global: null,
    is_local: 0,
    local_country_id: 0,
    allowed_in_se: null,
    provider_id: '72',
    provider_webName: 'bets4all',
    provider_webUrl: 'bets4all',
    provider_active: 'n',
    provider_isNew: false,
    provider_newTo: '0',
    provider_preferredCountryID: '0'
  },
  {
    id: 73,
    name: 'Leonbets',
    is_active: 1,
    is_bookie: 1,
    is_exchange: 0,
    is_broker: null,
    is_sharp: null,
    is_soft: null,
    is_global: null,
    is_local: 0,
    local_country_id: 0,
    allowed_in_se: null,
    provider_id: '73',
    provider_webName: 'Leonbets',
    provider_webUrl: 'leonbets',
    provider_active: 'y',
    provider_isNew: false,
    provider_newTo: '0',
    provider_preferredCountryID: '0'
  },
  {
    id: 74,
    name: 'Skybet',
    is_active: 0,
    is_bookie: 1,
    is_exchange: 0,
    is_broker: null,
    is_sharp: null,
    is_soft: null,
    is_global: null,
    is_local: 0,
    local_country_id: 0,
    allowed_in_se: null,
    provider_id: '74',
    provider_webName: 'Skybet',
    provider_webUrl: 'skybet',
    provider_active: 'n',
    provider_isNew: false,
    provider_newTo: '0',
    provider_preferredCountryID: '0'
  },
  {
    id: 75,
    name: 'SBOBET',
    is_active: 1,
    is_bookie: 1,
    is_exchange: 0,
    is_broker: null,
    is_sharp: null,
    is_soft: null,
    is_global: null,
    is_local: 0,
    local_country_id: 0,
    allowed_in_se: null,
    provider_id: '75',
    provider_webName: 'SBOBET',
    provider_webUrl: 'sbobet',
    provider_active: 'y',
    provider_isNew: false,
    provider_newTo: '0',
    provider_preferredCountryID: '0'
  },
  {
    id: 76,
    name: 'BetVictor',
    is_active: 1,
    is_bookie: 1,
    is_exchange: 0,
    is_broker: null,
    is_sharp: null,
    is_soft: null,
    is_global: null,
    is_local: 0,
    local_country_id: 0,
    allowed_in_se: null,
    provider_id: '76',
    provider_webName: 'BetVictor',
    provider_webUrl: 'betvictor',
    provider_active: 'y',
    provider_isNew: false,
    provider_newTo: '0',
    provider_preferredCountryID: '0'
  },
  {
    id: 77,
    name: 'Players Only',
    is_active: 0,
    is_bookie: 1,
    is_exchange: 0,
    is_broker: null,
    is_sharp: null,
    is_soft: null,
    is_global: null,
    is_local: 0,
    local_country_id: 0,
    allowed_in_se: null,
    provider_id: '77',
    provider_webName: 'Players Only',
    provider_webUrl: 'players-only',
    provider_active: 'n',
    provider_isNew: false,
    provider_newTo: '0',
    provider_preferredCountryID: '0'
  },
  {
    id: 78,
    name: 'BetOnline',
    is_active: 0,
    is_bookie: 1,
    is_exchange: 0,
    is_broker: null,
    is_sharp: null,
    is_soft: null,
    is_global: null,
    is_local: 0,
    local_country_id: 0,
    allowed_in_se: null,
    provider_id: '78',
    provider_webName: 'BetOnline',
    provider_webUrl: 'betonline',
    provider_active: 'n',
    provider_isNew: false,
    provider_newTo: '0',
    provider_preferredCountryID: '0'
  },
  {
    id: 79,
    name: 'BetDSI',
    is_active: 0,
    is_bookie: 1,
    is_exchange: 0,
    is_broker: null,
    is_sharp: null,
    is_soft: null,
    is_global: null,
    is_local: 0,
    local_country_id: 0,
    allowed_in_se: null,
    provider_id: '79',
    provider_webName: 'BetDSI',
    provider_webUrl: 'betdsi',
    provider_active: 'n',
    provider_isNew: false,
    provider_newTo: '0',
    provider_preferredCountryID: '0'
  },
  {
    id: 80,
    name: '12BET',
    is_active: 0,
    is_bookie: 1,
    is_exchange: 0,
    is_broker: null,
    is_sharp: null,
    is_soft: null,
    is_global: null,
    is_local: 0,
    local_country_id: 0,
    allowed_in_se: null,
    provider_id: '80',
    provider_webName: '12BET',
    provider_webUrl: '12bet',
    provider_active: 'n',
    provider_isNew: false,
    provider_newTo: '0',
    provider_preferredCountryID: '0'
  },
  {
    id: 81,
    name: 'betoto',
    is_active: 0,
    is_bookie: 1,
    is_exchange: 0,
    is_broker: null,
    is_sharp: null,
    is_soft: null,
    is_global: null,
    is_local: 0,
    local_country_id: 0,
    allowed_in_se: null,
    provider_id: '81',
    provider_webName: 'betoto',
    provider_webUrl: 'betoto',
    provider_active: 'n',
    provider_isNew: false,
    provider_newTo: '0',
    provider_preferredCountryID: '0'
  },
  {
    id: 82,
    name: 'Heroes Sports',
    is_active: 0,
    is_bookie: 1,
    is_exchange: 0,
    is_broker: null,
    is_sharp: null,
    is_soft: null,
    is_global: null,
    is_local: 0,
    local_country_id: 0,
    allowed_in_se: null,
    provider_id: '82',
    provider_webName: 'Heroes Sports',
    provider_webUrl: 'heroes-sports',
    provider_active: 'n',
    provider_isNew: false,
    provider_newTo: '0',
    provider_preferredCountryID: '0'
  },
  {
    id: 86,
    name: 'Bet7days',
    is_active: 0,
    is_bookie: 1,
    is_exchange: 0,
    is_broker: null,
    is_sharp: null,
    is_soft: null,
    is_global: null,
    is_local: 0,
    local_country_id: 0,
    allowed_in_se: null,
    provider_id: '86',
    provider_webName: 'Bet7days',
    provider_webUrl: 'bet7days',
    provider_active: 'n',
    provider_isNew: false,
    provider_newTo: '0',
    provider_preferredCountryID: '0'
  },
  {
    id: 87,
    name: 'digibet',
    is_active: 0,
    is_bookie: 1,
    is_exchange: 0,
    is_broker: null,
    is_sharp: null,
    is_soft: null,
    is_global: null,
    is_local: 0,
    local_country_id: 0,
    allowed_in_se: null,
    provider_id: '87',
    provider_webName: 'digibet',
    provider_webUrl: 'digibet',
    provider_active: 'n',
    provider_isNew: false,
    provider_newTo: '0',
    provider_preferredCountryID: '0'
  },
  {
    id: 88,
    name: 'Legends',
    is_active: 0,
    is_bookie: 1,
    is_exchange: 0,
    is_broker: null,
    is_sharp: null,
    is_soft: null,
    is_global: null,
    is_local: 0,
    local_country_id: 0,
    allowed_in_se: null,
    provider_id: '88',
    provider_webName: 'Legends',
    provider_webUrl: 'legends',
    provider_active: 'n',
    provider_isNew: false,
    provider_newTo: '0',
    provider_preferredCountryID: '0'
  },
  {
    id: 89,
    name: 'Sports-1',
    is_active: 0,
    is_bookie: 1,
    is_exchange: 0,
    is_broker: null,
    is_sharp: null,
    is_soft: null,
    is_global: null,
    is_local: 0,
    local_country_id: 0,
    allowed_in_se: null,
    provider_id: '89',
    provider_webName: 'Sports-1',
    provider_webUrl: 'sports-1',
    provider_active: 'n',
    provider_isNew: false,
    provider_newTo: '0',
    provider_preferredCountryID: '0'
  },
  {
    id: 90,
    name: 'BetGun',
    is_active: 0,
    is_bookie: 1,
    is_exchange: 0,
    is_broker: null,
    is_sharp: null,
    is_soft: null,
    is_global: null,
    is_local: 0,
    local_country_id: 0,
    allowed_in_se: null,
    provider_id: '90',
    provider_webName: 'BetGun',
    provider_webUrl: 'betgun',
    provider_active: 'n',
    provider_isNew: false,
    provider_newTo: '0',
    provider_preferredCountryID: '0'
  },
  {
    id: 91,
    name: 'BetPhoenix',
    is_active: 0,
    is_bookie: 1,
    is_exchange: 0,
    is_broker: null,
    is_sharp: null,
    is_soft: null,
    is_global: null,
    is_local: 0,
    local_country_id: 0,
    allowed_in_se: null,
    provider_id: '91',
    provider_webName: 'BetPhoenix',
    provider_webUrl: 'betphoenix',
    provider_active: 'n',
    provider_isNew: false,
    provider_newTo: '0',
    provider_preferredCountryID: '0'
  },
  {
    id: 92,
    name: 'Island Casino',
    is_active: 0,
    is_bookie: 1,
    is_exchange: 0,
    is_broker: null,
    is_sharp: null,
    is_soft: null,
    is_global: null,
    is_local: 0,
    local_country_id: 0,
    allowed_in_se: null,
    provider_id: '92',
    provider_webName: 'Island Casino',
    provider_webUrl: 'island-casino',
    provider_active: 'n',
    provider_isNew: false,
    provider_newTo: '0',
    provider_preferredCountryID: '0'
  },
  {
    id: 93,
    name: 'The Greek',
    is_active: 0,
    is_bookie: 1,
    is_exchange: 0,
    is_broker: null,
    is_sharp: null,
    is_soft: null,
    is_global: null,
    is_local: 0,
    local_country_id: 0,
    allowed_in_se: null,
    provider_id: '93',
    provider_webName: 'The Greek',
    provider_webUrl: 'the-greek',
    provider_active: 'n',
    provider_isNew: false,
    provider_newTo: '0',
    provider_preferredCountryID: '0'
  },
  {
    id: 97,
    name: 'Stryyke',
    is_active: 0,
    is_bookie: 1,
    is_exchange: 0,
    is_broker: null,
    is_sharp: null,
    is_soft: null,
    is_global: null,
    is_local: 0,
    local_country_id: 0,
    allowed_in_se: null,
    provider_id: '97',
    provider_webName: 'Stryyke',
    provider_webUrl: 'stryyke',
    provider_active: 'n',
    provider_isNew: false,
    provider_newTo: '0',
    provider_preferredCountryID: '0'
  },
  {
    id: 98,
    name: 'Superbahis',
    is_active: 0,
    is_bookie: 1,
    is_exchange: 0,
    is_broker: null,
    is_sharp: null,
    is_soft: null,
    is_global: null,
    is_local: 1,
    local_country_id: 191,
    allowed_in_se: null,
    provider_id: '98',
    provider_webName: 'Superbahis',
    provider_webUrl: 'superbahis',
    provider_active: 'n',
    provider_isNew: false,
    provider_newTo: '0',
    provider_preferredCountryID: '191'
  },
  {
    id: 99,
    name: 'World Sports Exchange',
    is_active: 0,
    is_bookie: 1,
    is_exchange: 0,
    is_broker: null,
    is_sharp: null,
    is_soft: null,
    is_global: null,
    is_local: 0,
    local_country_id: 0,
    allowed_in_se: null,
    provider_id: '99',
    provider_webName: 'World Sports Exchange',
    provider_webUrl: 'world-sports-exchange',
    provider_active: 'n',
    provider_isNew: false,
    provider_newTo: '0',
    provider_preferredCountryID: '0'
  },
  {
    id: 100,
    name: 'Sportsbook',
    is_active: 0,
    is_bookie: 1,
    is_exchange: 0,
    is_broker: null,
    is_sharp: null,
    is_soft: null,
    is_global: null,
    is_local: 0,
    local_country_id: 0,
    allowed_in_se: null,
    provider_id: '100',
    provider_webName: 'Sportsbook',
    provider_webUrl: 'sportsbook',
    provider_active: 'n',
    provider_isNew: false,
    provider_newTo: '0',
    provider_preferredCountryID: '0'
  },
  {
    id: 101,
    name: 'Paf',
    is_active: 0,
    is_bookie: 1,
    is_exchange: 0,
    is_broker: null,
    is_sharp: null,
    is_soft: null,
    is_global: null,
    is_local: 0,
    local_country_id: 0,
    allowed_in_se: null,
    provider_id: '101',
    provider_webName: 'Paf',
    provider_webUrl: 'paf',
    provider_active: 'n',
    provider_isNew: false,
    provider_newTo: '0',
    provider_preferredCountryID: '0'
  },
  {
    id: 103,
    name: 'Redbet',
    is_active: 0,
    is_bookie: 1,
    is_exchange: 0,
    is_broker: null,
    is_sharp: null,
    is_soft: null,
    is_global: null,
    is_local: 0,
    local_country_id: 0,
    allowed_in_se: null,
    provider_id: '103',
    provider_webName: 'Redbet',
    provider_webUrl: 'redbet',
    provider_active: 'n',
    provider_isNew: false,
    provider_newTo: '0',
    provider_preferredCountryID: '0'
  },
  {
    id: 105,
    name: 'totepool',
    is_active: 0,
    is_bookie: 1,
    is_exchange: 0,
    is_broker: null,
    is_sharp: null,
    is_soft: null,
    is_global: null,
    is_local: 0,
    local_country_id: 0,
    allowed_in_se: null,
    provider_id: '105',
    provider_webName: 'totepool',
    provider_webUrl: 'totepool',
    provider_active: 'n',
    provider_isNew: false,
    provider_newTo: '0',
    provider_preferredCountryID: '0'
  },
  {
    id: 106,
    name: 'betChronicle',
    is_active: 0,
    is_bookie: 1,
    is_exchange: 0,
    is_broker: null,
    is_sharp: null,
    is_soft: null,
    is_global: null,
    is_local: 0,
    local_country_id: 0,
    allowed_in_se: null,
    provider_id: '106',
    provider_webName: 'betChronicle',
    provider_webUrl: 'betchronicle',
    provider_active: 'n',
    provider_isNew: false,
    provider_newTo: '0',
    provider_preferredCountryID: '0'
  },
  {
    id: 107,
    name: 'Betboo',
    is_active: 0,
    is_bookie: 1,
    is_exchange: 0,
    is_broker: null,
    is_sharp: null,
    is_soft: null,
    is_global: null,
    is_local: 1,
    local_country_id: 191,
    allowed_in_se: null,
    provider_id: '107',
    provider_webName: 'Betboo',
    provider_webUrl: 'betboo',
    provider_active: 'n',
    provider_isNew: false,
    provider_newTo: '0',
    provider_preferredCountryID: '191'
  },
  {
    id: 108,
    name: 'Sports',
    is_active: 0,
    is_bookie: 1,
    is_exchange: 0,
    is_broker: null,
    is_sharp: null,
    is_soft: null,
    is_global: null,
    is_local: 0,
    local_country_id: 0,
    allowed_in_se: null,
    provider_id: '108',
    provider_webName: 'Sports',
    provider_webUrl: 'sports',
    provider_active: 'n',
    provider_isNew: false,
    provider_newTo: '0',
    provider_preferredCountryID: '0'
  },
  {
    id: 109,
    name: 'Oddsmaker',
    is_active: 0,
    is_bookie: 1,
    is_exchange: 0,
    is_broker: null,
    is_sharp: null,
    is_soft: null,
    is_global: null,
    is_local: 0,
    local_country_id: 0,
    allowed_in_se: null,
    provider_id: '109',
    provider_webName: 'Oddsmaker',
    provider_webUrl: 'oddsmaker',
    provider_active: 'n',
    provider_isNew: false,
    provider_newTo: '0',
    provider_preferredCountryID: '0'
  },
  {
    id: 110,
    name: 'Betonline247',
    is_active: 0,
    is_bookie: 1,
    is_exchange: 0,
    is_broker: null,
    is_sharp: null,
    is_soft: null,
    is_global: null,
    is_local: 0,
    local_country_id: 0,
    allowed_in_se: null,
    provider_id: '110',
    provider_webName: 'Betonline247',
    provider_webUrl: 'betonline247',
    provider_active: 'n',
    provider_isNew: false,
    provider_newTo: '0',
    provider_preferredCountryID: '0'
  },
  {
    id: 111,
    name: 'Instant Action Sports',
    is_active: 0,
    is_bookie: 1,
    is_exchange: 0,
    is_broker: null,
    is_sharp: null,
    is_soft: null,
    is_global: null,
    is_local: 0,
    local_country_id: 0,
    allowed_in_se: null,
    provider_id: '111',
    provider_webName: 'Instant Action Sports',
    provider_webUrl: 'instant-action-sports',
    provider_active: 'n',
    provider_isNew: false,
    provider_newTo: '0',
    provider_preferredCountryID: '0'
  },
  {
    id: 112,
    name: 'Betinternet',
    is_active: 0,
    is_bookie: 1,
    is_exchange: 0,
    is_broker: null,
    is_sharp: null,
    is_soft: null,
    is_global: null,
    is_local: 0,
    local_country_id: 0,
    allowed_in_se: null,
    provider_id: '112',
    provider_webName: 'Betinternet',
    provider_webUrl: 'betinternet',
    provider_active: 'n',
    provider_isNew: false,
    provider_newTo: '0',
    provider_preferredCountryID: '0'
  },
  {
    id: 113,
    name: 'Betcruise',
    is_active: 0,
    is_bookie: 1,
    is_exchange: 0,
    is_broker: null,
    is_sharp: null,
    is_soft: null,
    is_global: null,
    is_local: 0,
    local_country_id: 0,
    allowed_in_se: null,
    provider_id: '113',
    provider_webName: 'Betcruise',
    provider_webUrl: 'betcruise',
    provider_active: 'n',
    provider_isNew: false,
    provider_newTo: '0',
    provider_preferredCountryID: '0'
  },
  {
    id: 114,
    name: 'Justbet',
    is_active: 0,
    is_bookie: 1,
    is_exchange: 0,
    is_broker: null,
    is_sharp: null,
    is_soft: null,
    is_global: null,
    is_local: 0,
    local_country_id: 0,
    allowed_in_se: null,
    provider_id: '114',
    provider_webName: 'Justbet',
    provider_webUrl: 'justbet',
    provider_active: 'n',
    provider_isNew: false,
    provider_newTo: '0',
    provider_preferredCountryID: '0'
  },
  {
    id: 115,
    name: 'Bet770',
    is_active: 0,
    is_bookie: 1,
    is_exchange: 0,
    is_broker: null,
    is_sharp: null,
    is_soft: null,
    is_global: null,
    is_local: 0,
    local_country_id: 0,
    allowed_in_se: null,
    provider_id: '115',
    provider_webName: 'Bet770',
    provider_webUrl: 'bet770',
    provider_active: 'n',
    provider_isNew: false,
    provider_newTo: '0',
    provider_preferredCountryID: '0'
  },
  {
    id: 118,
    name: 'Extrabet',
    is_active: 0,
    is_bookie: 1,
    is_exchange: 0,
    is_broker: null,
    is_sharp: null,
    is_soft: null,
    is_global: null,
    is_local: 0,
    local_country_id: 0,
    allowed_in_se: null,
    provider_id: '118',
    provider_webName: 'Extrabet',
    provider_webUrl: 'extrabet',
    provider_active: 'n',
    provider_isNew: false,
    provider_newTo: '0',
    provider_preferredCountryID: '0'
  },
  {
    id: 119,
    name: 'Goalwin',
    is_active: 0,
    is_bookie: 1,
    is_exchange: 0,
    is_broker: null,
    is_sharp: null,
    is_soft: null,
    is_global: null,
    is_local: 0,
    local_country_id: 0,
    allowed_in_se: null,
    provider_id: '119',
    provider_webName: 'Goalwin',
    provider_webUrl: 'goalwin',
    provider_active: 'n',
    provider_isNew: false,
    provider_newTo: '0',
    provider_preferredCountryID: '0'
  },
  {
    id: 120,
    name: 'Circlebet',
    is_active: 0,
    is_bookie: 1,
    is_exchange: 0,
    is_broker: null,
    is_sharp: null,
    is_soft: null,
    is_global: null,
    is_local: 0,
    local_country_id: 0,
    allowed_in_se: null,
    provider_id: '120',
    provider_webName: 'Circlebet',
    provider_webUrl: 'circlebet',
    provider_active: 'n',
    provider_isNew: false,
    provider_newTo: '0',
    provider_preferredCountryID: '0'
  },
  {
    id: 121,
    name: 'Titanbet',
    is_active: 0,
    is_bookie: 1,
    is_exchange: 0,
    is_broker: null,
    is_sharp: null,
    is_soft: null,
    is_global: null,
    is_local: 0,
    local_country_id: 0,
    allowed_in_se: null,
    provider_id: '121',
    provider_webName: 'Titanbet',
    provider_webUrl: 'titanbet',
    provider_active: 'n',
    provider_isNew: false,
    provider_newTo: '0',
    provider_preferredCountryID: '0'
  },
  {
    id: 122,
    name: 'EurosportBET',
    is_active: 0,
    is_bookie: 1,
    is_exchange: 0,
    is_broker: null,
    is_sharp: null,
    is_soft: null,
    is_global: null,
    is_local: 0,
    local_country_id: 0,
    allowed_in_se: null,
    provider_id: '122',
    provider_webName: 'EurosportBET',
    provider_webUrl: 'eurosportbet',
    provider_active: 'n',
    provider_isNew: false,
    provider_newTo: '0',
    provider_preferredCountryID: '0'
  },
  {
    id: 123,
    name: 'Bet911',
    is_active: 0,
    is_bookie: 1,
    is_exchange: 0,
    is_broker: null,
    is_sharp: null,
    is_soft: null,
    is_global: null,
    is_local: 0,
    local_country_id: 0,
    allowed_in_se: null,
    provider_id: '123',
    provider_webName: 'Bet911',
    provider_webUrl: 'bet911',
    provider_active: 'n',
    provider_isNew: false,
    provider_newTo: '0',
    provider_preferredCountryID: '0'
  },
  {
    id: 124,
    name: 'Luxbet',
    is_active: 0,
    is_bookie: 1,
    is_exchange: 0,
    is_broker: null,
    is_sharp: null,
    is_soft: null,
    is_global: null,
    is_local: 0,
    local_country_id: 0,
    allowed_in_se: null,
    provider_id: '124',
    provider_webName: 'Luxbet',
    provider_webUrl: 'luxbet',
    provider_active: 'n',
    provider_isNew: false,
    provider_newTo: '0',
    provider_preferredCountryID: '0'
  },
  {
    id: 125,
    name: 'Bestbet',
    is_active: 0,
    is_bookie: 1,
    is_exchange: 0,
    is_broker: null,
    is_sharp: null,
    is_soft: null,
    is_global: null,
    is_local: 0,
    local_country_id: 0,
    allowed_in_se: null,
    provider_id: '125',
    provider_webName: 'Bestbet',
    provider_webUrl: 'bestbet',
    provider_active: 'n',
    provider_isNew: false,
    provider_newTo: '0',
    provider_preferredCountryID: '0'
  },
  {
    id: 127,
    name: 'Bestake',
    is_active: 0,
    is_bookie: 0,
    is_exchange: 1,
    is_broker: null,
    is_sharp: null,
    is_soft: null,
    is_global: null,
    is_local: 0,
    local_country_id: 0,
    allowed_in_se: null,
    provider_id: '127',
    provider_webName: 'Bestake',
    provider_webUrl: 'bestake',
    provider_active: 'n',
    provider_isNew: false,
    provider_newTo: '0',
    provider_preferredCountryID: '0'
  },
  {
    id: 128,
    name: 'youwin',
    is_active: 1,
    is_bookie: 1,
    is_exchange: 0,
    is_broker: null,
    is_sharp: null,
    is_soft: null,
    is_global: null,
    is_local: 0,
    local_country_id: 0,
    allowed_in_se: null,
    provider_id: '128',
    provider_webName: 'youwin',
    provider_webUrl: 'youwin',
    provider_active: 'y',
    provider_isNew: false,
    provider_newTo: '0',
    provider_preferredCountryID: '0'
  },
  ... 260 more items
] 
2021-03-31 15:45:01.262 - info: Dev end!
2021-03-31 15:45:01.262 - info: Done crawling bookies!
